<?xml version="1.0" encoding="UTF-8"?>
<robot generator="Robot 6.0.2 (Python 3.11.2 on win32)" generated="20230629 16:02:13.684" rpa="false" schemaversion="3">
<suite id="s1" name="Automation" source="D:\robot_twc\automation.robot">
<test id="s1-t1" name="Starting" line="17">
<kw name="Starting app" library="variable">
<arg>${url}</arg>
<kw name="Open Browser" library="SeleniumLibrary">
<arg>${url}</arg>
<arg>chrome</arg>
<arg>verify=true</arg>
<doc>Opens a new browser instance to the optional ``url``.</doc>
<msg timestamp="20230629 16:02:14.051" level="INFO">Opening browser 'chrome' to base url 'https://twc.ainosi.com/'.</msg>
<status status="PASS" starttime="20230629 16:02:14.050" endtime="20230629 16:02:17.804"/>
</kw>
<kw name="Maximize Browser Window" library="SeleniumLibrary">
<doc>Maximizes current browser window.</doc>
<status status="PASS" starttime="20230629 16:02:17.804" endtime="20230629 16:02:17.944"/>
</kw>
<kw name="Sleep" library="BuiltIn">
<arg>3s</arg>
<doc>Pauses the test executed for the given time.</doc>
<msg timestamp="20230629 16:02:20.948" level="INFO">Slept 3 seconds</msg>
<status status="PASS" starttime="20230629 16:02:17.946" endtime="20230629 16:02:20.948"/>
</kw>
<kw name="Wait Until Element Is Visible" library="SeleniumLibrary">
<arg>xpath=//input[@class="vs-select__input"]</arg>
<arg>10s</arg>
<doc>Waits until the element ``locator`` is visible.</doc>
<status status="PASS" starttime="20230629 16:02:20.948" endtime="20230629 16:02:20.979"/>
</kw>
<status status="PASS" starttime="20230629 16:02:14.048" endtime="20230629 16:02:20.979"/>
</kw>
<status status="PASS" starttime="20230629 16:02:14.045" endtime="20230629 16:02:20.979"/>
</test>
<test id="s1-t2" name="User login" line="27">
<kw name="Go to Login Page" library="login">
<kw name="Click Button" library="SeleniumLibrary">
<arg>${profile_btn}</arg>
<doc>Clicks the button identified by ``locator``.</doc>
<msg timestamp="20230629 16:02:20.989" level="INFO">Clicking button '//button[@class='w-18 bg-white text-black p-1.5 px-2 rounded-full flex flex-row items-center justify-between border']'.</msg>
<status status="PASS" starttime="20230629 16:02:20.988" endtime="20230629 16:02:21.108"/>
</kw>
<kw name="Click Element" library="SeleniumLibrary">
<arg>xpath=//button[contains(text(), "Masuk")]</arg>
<doc>Click the element identified by ``locator``.</doc>
<msg timestamp="20230629 16:02:21.108" level="INFO">Clicking element 'xpath=//button[contains(text(), "Masuk")]'.</msg>
<status status="PASS" starttime="20230629 16:02:21.108" endtime="20230629 16:02:21.244"/>
</kw>
<kw name="Sleep" library="BuiltIn">
<arg>3</arg>
<doc>Pauses the test executed for the given time.</doc>
<msg timestamp="20230629 16:02:24.246" level="INFO">Slept 3 seconds</msg>
<status status="PASS" starttime="20230629 16:02:21.245" endtime="20230629 16:02:24.246"/>
</kw>
<kw name="Wait Until Element Is Visible" library="SeleniumLibrary">
<arg>xpath=//h4[contains(., "Masuk Akun")]</arg>
<doc>Waits until the element ``locator`` is visible.</doc>
<status status="PASS" starttime="20230629 16:02:24.246" endtime="20230629 16:02:24.261"/>
</kw>
<kw name="Sleep" library="BuiltIn">
<arg>3</arg>
<doc>Pauses the test executed for the given time.</doc>
<msg timestamp="20230629 16:02:27.262" level="INFO">Slept 3 seconds</msg>
<status status="PASS" starttime="20230629 16:02:24.261" endtime="20230629 16:02:27.262"/>
</kw>
<status status="PASS" starttime="20230629 16:02:20.988" endtime="20230629 16:02:27.262"/>
</kw>
<kw name="Login with valid account" library="login">
<arg>${username}</arg>
<arg>${password}</arg>
<kw name="Sleep" library="BuiltIn">
<arg>3s</arg>
<doc>Pauses the test executed for the given time.</doc>
<msg timestamp="20230629 16:02:30.269" level="INFO">Slept 3 seconds</msg>
<status status="PASS" starttime="20230629 16:02:27.267" endtime="20230629 16:02:30.269"/>
</kw>
<kw name="Input Text" library="SeleniumLibrary">
<arg>username</arg>
<arg>${username}</arg>
<doc>Types the given ``text`` into the text field identified by ``locator``.</doc>
<msg timestamp="20230629 16:02:30.269" level="INFO">Typing text 'Leoo' into text field 'username'.</msg>
<status status="PASS" starttime="20230629 16:02:30.269" endtime="20230629 16:02:30.431"/>
</kw>
<kw name="Sleep" library="BuiltIn">
<arg>3s</arg>
<doc>Pauses the test executed for the given time.</doc>
<msg timestamp="20230629 16:02:33.432" level="INFO">Slept 3 seconds</msg>
<status status="PASS" starttime="20230629 16:02:30.431" endtime="20230629 16:02:33.432"/>
</kw>
<kw name="Click Button" library="SeleniumLibrary">
<arg>//button[@type='submit']</arg>
<doc>Clicks the button identified by ``locator``.</doc>
<msg timestamp="20230629 16:02:33.432" level="INFO">Clicking button '//button[@type='submit']'.</msg>
<status status="PASS" starttime="20230629 16:02:33.432" endtime="20230629 16:02:33.573"/>
</kw>
<kw name="Sleep" library="BuiltIn">
<arg>3s</arg>
<doc>Pauses the test executed for the given time.</doc>
<msg timestamp="20230629 16:02:36.573" level="INFO">Slept 3 seconds</msg>
<status status="PASS" starttime="20230629 16:02:33.573" endtime="20230629 16:02:36.573"/>
</kw>
<kw name="Wait Until Element Is Visible" library="SeleniumLibrary">
<arg>//input[@id='password']</arg>
<arg>timeout=10s</arg>
<doc>Waits until the element ``locator`` is visible.</doc>
<status status="PASS" starttime="20230629 16:02:36.573" endtime="20230629 16:02:36.604"/>
</kw>
<kw name="Input Text" library="SeleniumLibrary">
<arg>password</arg>
<arg>${password}</arg>
<doc>Types the given ``text`` into the text field identified by ``locator``.</doc>
<msg timestamp="20230629 16:02:36.605" level="INFO">Typing text 'P4ss----' into text field 'password'.</msg>
<status status="PASS" starttime="20230629 16:02:36.604" endtime="20230629 16:02:36.795"/>
</kw>
<kw name="Sleep" library="BuiltIn">
<arg>3s</arg>
<doc>Pauses the test executed for the given time.</doc>
<msg timestamp="20230629 16:02:39.795" level="INFO">Slept 3 seconds</msg>
<status status="PASS" starttime="20230629 16:02:36.795" endtime="20230629 16:02:39.795"/>
</kw>
<kw name="Click Button" library="SeleniumLibrary">
<arg>//button[@type='submit']</arg>
<doc>Clicks the button identified by ``locator``.</doc>
<msg timestamp="20230629 16:02:39.798" level="INFO">Clicking button '//button[@type='submit']'.</msg>
<status status="PASS" starttime="20230629 16:02:39.796" endtime="20230629 16:02:39.912"/>
</kw>
<kw name="Sleep" library="BuiltIn">
<arg>5s</arg>
<doc>Pauses the test executed for the given time.</doc>
<msg timestamp="20230629 16:02:44.913" level="INFO">Slept 5 seconds</msg>
<status status="PASS" starttime="20230629 16:02:39.912" endtime="20230629 16:02:44.913"/>
</kw>
<status status="PASS" starttime="20230629 16:02:27.262" endtime="20230629 16:02:44.913"/>
</kw>
<status status="PASS" starttime="20230629 16:02:20.987" endtime="20230629 16:02:44.913"/>
</test>
<test id="s1-t3" name="User view transaction history" line="64">
<kw name="Go to Transaction History" library="myTicket">
<kw name="Click Button" library="SeleniumLibrary">
<arg>${profile_btn}</arg>
<doc>Clicks the button identified by ``locator``.</doc>
<msg timestamp="20230629 16:02:44.926" level="INFO">Clicking button '//button[@class='w-18 bg-white text-black p-1.5 px-2 rounded-full flex flex-row items-center justify-between border']'.</msg>
<status status="PASS" starttime="20230629 16:02:44.923" endtime="20230629 16:02:45.024"/>
</kw>
<kw name="Click Element" library="SeleniumLibrary">
<arg>xpath=//a[contains(text(), "Riwayat Transaksi")]</arg>
<doc>Click the element identified by ``locator``.</doc>
<msg timestamp="20230629 16:02:45.026" level="INFO">Clicking element 'xpath=//a[contains(text(), "Riwayat Transaksi")]'.</msg>
<status status="PASS" starttime="20230629 16:02:45.024" endtime="20230629 16:02:45.094"/>
</kw>
<kw name="Wait Until Element Is Visible" library="SeleniumLibrary">
<arg>//h1[contains(text(), 'Riwayat Transaksi')]</arg>
<doc>Waits until the element ``locator`` is visible.</doc>
<status status="PASS" starttime="20230629 16:02:45.094" endtime="20230629 16:02:45.554"/>
</kw>
<kw name="Click Element" library="SeleniumLibrary">
<arg>xpath=//*[@id="__layout"]/div/div[1]/div[1]/div[2]/div[2]/div/div[2]/button[2]</arg>
<doc>Click the element identified by ``locator``.</doc>
<msg timestamp="20230629 16:02:45.555" level="INFO">Clicking element 'xpath=//*[@id="__layout"]/div/div[1]/div[1]/div[2]/div[2]/div/div[2]/button[2]'.</msg>
<status status="PASS" starttime="20230629 16:02:45.554" endtime="20230629 16:02:45.618"/>
</kw>
<kw name="Sleep" library="BuiltIn">
<arg>1s</arg>
<doc>Pauses the test executed for the given time.</doc>
<msg timestamp="20230629 16:02:46.619" level="INFO">Slept 1 second</msg>
<status status="PASS" starttime="20230629 16:02:45.618" endtime="20230629 16:02:46.619"/>
</kw>
<status status="PASS" starttime="20230629 16:02:44.922" endtime="20230629 16:02:46.619"/>
</kw>
<status status="PASS" starttime="20230629 16:02:44.920" endtime="20230629 16:02:46.619"/>
</test>
<test id="s1-t4" name="User view my ticket" line="67">
<kw name="Go to My Ticket" library="myTicket">
<kw name="Click Button" library="SeleniumLibrary">
<arg>${profile_btn}</arg>
<doc>Clicks the button identified by ``locator``.</doc>
<msg timestamp="20230629 16:02:46.646" level="INFO">Clicking button '//button[@class='w-18 bg-white text-black p-1.5 px-2 rounded-full flex flex-row items-center justify-between border']'.</msg>
<status status="PASS" starttime="20230629 16:02:46.642" endtime="20230629 16:02:46.743"/>
</kw>
<kw name="Click Element" library="SeleniumLibrary">
<arg>//a[contains(text(), 'Tiket Saya')]</arg>
<doc>Click the element identified by ``locator``.</doc>
<msg timestamp="20230629 16:02:46.743" level="INFO">Clicking element '//a[contains(text(), 'Tiket Saya')]'.</msg>
<status status="PASS" starttime="20230629 16:02:46.743" endtime="20230629 16:02:46.801"/>
</kw>
<kw name="Wait Until Element Is Visible" library="SeleniumLibrary">
<arg>//h1[contains(text(), 'Tiket Saya')]</arg>
<doc>Waits until the element ``locator`` is visible.</doc>
<status status="PASS" starttime="20230629 16:02:46.801" endtime="20230629 16:02:47.034"/>
</kw>
<kw name="Sleep" library="BuiltIn">
<arg>1s</arg>
<doc>Pauses the test executed for the given time.</doc>
<msg timestamp="20230629 16:02:48.035" level="INFO">Slept 1 second</msg>
<status status="PASS" starttime="20230629 16:02:47.034" endtime="20230629 16:02:48.035"/>
</kw>
<kw name="Page Should Contain" library="SeleniumLibrary">
<arg>Pembayaran Sukses</arg>
<doc>Verifies that current page contains ``text``.</doc>
<msg timestamp="20230629 16:02:48.050" level="INFO">Current page contains text 'Pembayaran Sukses'.</msg>
<status status="PASS" starttime="20230629 16:02:48.035" endtime="20230629 16:02:48.050"/>
</kw>
<kw name="Click Element" library="SeleniumLibrary">
<arg>xpath=//button[contains(text(), "Lihat Detail Transaksi")]</arg>
<doc>Click the element identified by ``locator``.</doc>
<msg timestamp="20230629 16:02:48.050" level="INFO">Clicking element 'xpath=//button[contains(text(), "Lihat Detail Transaksi")]'.</msg>
<status status="PASS" starttime="20230629 16:02:48.050" endtime="20230629 16:02:48.114"/>
</kw>
<kw name="Sleep" library="BuiltIn">
<arg>2s</arg>
<doc>Pauses the test executed for the given time.</doc>
<msg timestamp="20230629 16:02:50.115" level="INFO">Slept 2 seconds</msg>
<status status="PASS" starttime="20230629 16:02:48.114" endtime="20230629 16:02:50.115"/>
</kw>
<kw name="Click Element" library="SeleniumLibrary">
<arg>xpath=//*[@id="__layout"]/div/div[1]/div[1]/div[3]/div[2]/div/div[1]/button</arg>
<doc>Click the element identified by ``locator``.</doc>
<msg timestamp="20230629 16:02:50.115" level="INFO">Clicking element 'xpath=//*[@id="__layout"]/div/div[1]/div[1]/div[3]/div[2]/div/div[1]/button'.</msg>
<status status="PASS" starttime="20230629 16:02:50.115" endtime="20230629 16:02:50.201"/>
</kw>
<kw name="Click Element" library="SeleniumLibrary">
<arg>xpath=//button[contains(text(), "Lihat Tiket")]</arg>
<doc>Click the element identified by ``locator``.</doc>
<msg timestamp="20230629 16:02:50.202" level="INFO">Clicking element 'xpath=//button[contains(text(), "Lihat Tiket")]'.</msg>
<status status="PASS" starttime="20230629 16:02:50.201" endtime="20230629 16:02:50.690"/>
</kw>
<kw name="Sleep" library="BuiltIn">
<arg>2s</arg>
<doc>Pauses the test executed for the given time.</doc>
<msg timestamp="20230629 16:02:52.691" level="INFO">Slept 2 seconds</msg>
<status status="PASS" starttime="20230629 16:02:50.690" endtime="20230629 16:02:52.691"/>
</kw>
<kw name="Capture Page Screenshot" library="SeleniumLibrary">
<arg>filename=${current test result path}/detail_ticket.png</arg>
<doc>Takes a screenshot of the current page and embeds it into a log file.</doc>
<msg timestamp="20230629 16:02:52.841" level="INFO" html="true">&lt;/td&gt;&lt;/tr&gt;&lt;tr&gt;&lt;td colspan="3"&gt;&lt;a href="Screenshots/detail_ticket.png"&gt;&lt;img src="Screenshots/detail_ticket.png" width="800px"&gt;&lt;/a&gt;</msg>
<status status="PASS" starttime="20230629 16:02:52.691" endtime="20230629 16:02:52.841"/>
</kw>
<kw name="File Should Exist" library="OperatingSystem">
<arg>${current test result path}/detail_ticket.png</arg>
<doc>Fails unless the given ``path`` points to an existing file.</doc>
<msg timestamp="20230629 16:02:52.841" level="INFO" html="true">File '&lt;a href="file://D:\robot_twc\Screenshots\detail_ticket.png"&gt;D:\robot_twc\Screenshots\detail_ticket.png&lt;/a&gt;' exists.</msg>
<status status="PASS" starttime="20230629 16:02:52.841" endtime="20230629 16:02:52.841"/>
</kw>
<status status="PASS" starttime="20230629 16:02:46.639" endtime="20230629 16:02:52.841"/>
</kw>
<status status="PASS" starttime="20230629 16:02:46.634" endtime="20230629 16:02:52.841"/>
</test>
<doc>Automation testing using CC.</doc>
<status status="PASS" starttime="20230629 16:02:13.684" endtime="20230629 16:02:52.858"/>
</suite>
<statistics>
<total>
<stat pass="4" fail="0" skip="0">All Tests</stat>
</total>
<tag>
</tag>
<suite>
<stat pass="4" fail="0" skip="0" id="s1" name="Automation">Automation</stat>
</suite>
</statistics>
<errors>
</errors>
</robot>
